find_library: checking for create_hello() in -ltrema... -------------------- no

"gcc -o conftest -I. -I/usr/lib/ruby/1.8/i686-linux -I. -I{ -I/host/Users/co2kara/Documents/projects/trema-backup/src/lib  -D_FILE_OFFSET_BITS=64  -g -std=gnu99 -D_GNU_SOURCE -fno-strict-aliasing -Wall -Wextra -Wformat=2 -Wcast-qual -Wcast-align -Wwrite-strings -Wconversion -Wfloat-equal -Wpointer-arith conftest.c  -L. -L/usr/lib -Wl,-Bsymbolic     -lruby1.8-static -ltrema  -lpthread -lrt -ldl -lcrypt -lm   -lc"
conftest.c: In function ‘t’:
conftest.c:3:53: error: ‘create_hello’ undeclared (first use in this function)
conftest.c:3:53: note: each undeclared identifier is reported only once for each function it appears in
conftest.c:3:28: warning: variable ‘p’ set but not used [-Wunused-but-set-variable]
checked program was:
/* begin */
1: /*top*/
2: int main() { return 0; }
3: int t() { void ((*volatile p)()); p = (void ((*)()))create_hello; return 0; }
/* end */

"gcc -o conftest -I. -I/usr/lib/ruby/1.8/i686-linux -I. -I{ -I/host/Users/co2kara/Documents/projects/trema-backup/src/lib  -D_FILE_OFFSET_BITS=64  -g -std=gnu99 -D_GNU_SOURCE -fno-strict-aliasing -Wall -Wextra -Wformat=2 -Wcast-qual -Wcast-align -Wwrite-strings -Wconversion -Wfloat-equal -Wpointer-arith conftest.c  -L. -L/usr/lib -Wl,-Bsymbolic     -lruby1.8-static -ltrema  -lpthread -lrt -ldl -lcrypt -lm   -lc"
conftest.c: In function ‘t’:
conftest.c:3:1: warning: implicit declaration of function ‘create_hello’ [-Wimplicit-function-declaration]
/usr/bin/ld: cannot find -ltrema
collect2: ld returned 1 exit status
checked program was:
/* begin */
1: /*top*/
2: int main() { return 0; }
3: int t() { create_hello(); return 0; }
/* end */

--------------------

