This file contains any messages produced by compilers while
running configure, to aid debugging if configure makes a mistake.

It was created by czmq configure 1.4.2, which was
generated by GNU Autoconf 2.68.  Invocation command line was

  $ ./configure --with-libzmq=/usr/local

## --------- ##
## Platform. ##
## --------- ##

hostname = 113970-A6501
uname -m = i686
uname -r = 3.5.0-32-generic
uname -s = Linux
uname -v = #53~precise1-Ubuntu SMP Wed May 29 20:35:31 UTC 2013

/usr/bin/uname -p = unknown
/bin/uname -X     = unknown

/bin/arch              = unknown
/usr/bin/arch -k       = unknown
/usr/convex/getsysinfo = unknown
/usr/bin/hostinfo      = unknown
/bin/machine           = unknown
/usr/bin/oslevel       = unknown
/bin/universe          = unknown

PATH: /home/nick/.rvm/gems/ruby-2.0.0-p195/bin
PATH: /home/nick/.rvm/gems/ruby-2.0.0-p195@global/bin
PATH: /home/nick/.rvm/rubies/ruby-2.0.0-p195/bin
PATH: /home/nick/.rvm/bin
PATH: /usr/local/sbin
PATH: /usr/local/bin
PATH: /usr/sbin
PATH: /usr/bin
PATH: /sbin
PATH: /bin
PATH: /usr/games


## ----------- ##
## Core tests. ##
## ----------- ##

configure:2349: checking for a BSD-compatible install
configure:2417: result: /usr/bin/install -c
configure:2428: checking whether build environment is sane
configure:2478: result: yes
configure:2619: checking for a thread-safe mkdir -p
configure:2658: result: /bin/mkdir -p
configure:2671: checking for gawk
configure:2687: found /usr/bin/gawk
configure:2698: result: gawk
configure:2709: checking whether make sets $(MAKE)
configure:2731: result: yes
configure:2806: checking how to create a ustar tar archive
configure:2819: tar --version
tar (GNU tar) 1.26
Copyright (C) 2011 Free Software Foundation, Inc.
License GPLv3+: GNU GPL version 3 or later <http://gnu.org/licenses/gpl.html>.
This is free software: you are free to change and redistribute it.
There is NO WARRANTY, to the extent permitted by law.

Written by John Gilmore and Jay Fenlason.
configure:2822: $? = 0
configure:2862: tardir=conftest.dir && eval tar --format=ustar -chf - "$tardir" >conftest.tar
configure:2865: $? = 0
configure:2869: tar -xf - <conftest.tar
configure:2872: $? = 0
configure:2885: result: gnutar
configure:2978: checking for gcc
configure:2994: found /usr/bin/gcc
configure:3005: result: gcc
configure:3234: checking for C compiler version
configure:3243: gcc --version >&5
gcc (Ubuntu/Linaro 4.6.3-1ubuntu5) 4.6.3
Copyright (C) 2011 Free Software Foundation, Inc.
This is free software; see the source for copying conditions.  There is NO
warranty; not even for MERCHANTABILITY or FITNESS FOR A PARTICULAR PURPOSE.

configure:3254: $? = 0
configure:3243: gcc -v >&5
Using built-in specs.
COLLECT_GCC=gcc
COLLECT_LTO_WRAPPER=/usr/lib/gcc/i686-linux-gnu/4.6/lto-wrapper
Target: i686-linux-gnu
Configured with: ../src/configure -v --with-pkgversion='Ubuntu/Linaro 4.6.3-1ubuntu5' --with-bugurl=file:///usr/share/doc/gcc-4.6/README.Bugs --enable-languages=c,c++,fortran,objc,obj-c++ --prefix=/usr --program-suffix=-4.6 --enable-shared --enable-linker-build-id --with-system-zlib --libexecdir=/usr/lib --without-included-gettext --enable-threads=posix --with-gxx-include-dir=/usr/include/c++/4.6 --libdir=/usr/lib --enable-nls --with-sysroot=/ --enable-clocale=gnu --enable-libstdcxx-debug --enable-libstdcxx-time=yes --enable-gnu-unique-object --enable-plugin --enable-objc-gc --enable-targets=all --disable-werror --with-arch-32=i686 --with-tune=generic --enable-checking=release --build=i686-linux-gnu --host=i686-linux-gnu --target=i686-linux-gnu
Thread model: posix
gcc version 4.6.3 (Ubuntu/Linaro 4.6.3-1ubuntu5) 
configure:3254: $? = 0
configure:3243: gcc -V >&5
gcc: error: unrecognized option '-V'
gcc: fatal error: no input files
compilation terminated.
configure:3254: $? = 4
configure:3243: gcc -qversion >&5
gcc: error: unrecognized option '-qversion'
gcc: fatal error: no input files
compilation terminated.
configure:3254: $? = 4
configure:3274: checking whether the C compiler works
configure:3296: gcc    conftest.c  >&5
configure:3300: $? = 0
configure:3348: result: yes
configure:3351: checking for C compiler default output file name
configure:3353: result: a.out
configure:3359: checking for suffix of executables
configure:3366: gcc -o conftest    conftest.c  >&5
configure:3370: $? = 0
configure:3392: result: 
configure:3414: checking whether we are cross compiling
configure:3422: gcc -o conftest    conftest.c  >&5
configure:3426: $? = 0
configure:3433: ./conftest
configure:3437: $? = 0
configure:3452: result: no
configure:3457: checking for suffix of object files
configure:3479: gcc -c   conftest.c >&5
configure:3483: $? = 0
configure:3504: result: o
configure:3508: checking whether we are using the GNU C compiler
configure:3527: gcc -c   conftest.c >&5
configure:3527: $? = 0
configure:3536: result: yes
configure:3545: checking whether gcc accepts -g
configure:3565: gcc -c -g  conftest.c >&5
configure:3565: $? = 0
configure:3606: result: yes
configure:3623: checking for gcc option to accept ISO C89
configure:3687: gcc  -c -g -O2  conftest.c >&5
configure:3687: $? = 0
configure:3700: result: none needed
configure:3731: checking for style of include used by make
configure:3759: result: GNU
configure:3785: checking dependency style of gcc
configure:3896: result: gcc3
configure:3911: checking for gcc option to accept ISO C99
configure:4060: gcc  -c -g -O2  conftest.c >&5
conftest.c:64:29: error: expected ';', ',' or ')' before 'text'
conftest.c: In function 'main':
conftest.c:118:18: error: expected '=', ',', ';', 'asm' or '__attribute__' before 'newvar'
conftest.c:118:18: error: 'newvar' undeclared (first use in this function)
conftest.c:118:18: note: each undeclared identifier is reported only once for each function it appears in
conftest.c:128:3: error: 'for' loop initial declarations are only allowed in C99 mode
conftest.c:128:3: note: use option -std=c99 or -std=gnu99 to compile your code
configure:4060: $? = 1
configure: failed program was:
| /* confdefs.h */
| #define PACKAGE_NAME "czmq"
| #define PACKAGE_TARNAME "czmq"
| #define PACKAGE_VERSION "1.4.2"
| #define PACKAGE_STRING "czmq 1.4.2"
| #define PACKAGE_BUGREPORT "zeromq-dev@lists.zeromq.org"
| #define PACKAGE_URL ""
| #define PACKAGE "czmq"
| #define VERSION "1.4.2"
| #define PACKAGE_VERSION_MAJOR 1
| #define PACKAGE_VERSION_MINOR 4
| #define PACKAGE_VERSION_PATCH 2
| /* end confdefs.h.  */
| #include <stdarg.h>
| #include <stdbool.h>
| #include <stdlib.h>
| #include <wchar.h>
| #include <stdio.h>
| 
| // Check varargs macros.  These examples are taken from C99 6.10.3.5.
| #define debug(...) fprintf (stderr, __VA_ARGS__)
| #define showlist(...) puts (#__VA_ARGS__)
| #define report(test,...) ((test) ? puts (#test) : printf (__VA_ARGS__))
| static void
| test_varargs_macros (void)
| {
|   int x = 1234;
|   int y = 5678;
|   debug ("Flag");
|   debug ("X = %d\n", x);
|   showlist (The first, second, and third items.);
|   report (x>y, "x is %d but y is %d", x, y);
| }
| 
| // Check long long types.
| #define BIG64 18446744073709551615ull
| #define BIG32 4294967295ul
| #define BIG_OK (BIG64 / BIG32 == 4294967297ull && BIG64 % BIG32 == 0)
| #if !BIG_OK
|   your preprocessor is broken;
| #endif
| #if BIG_OK
| #else
|   your preprocessor is broken;
| #endif
| static long long int bignum = -9223372036854775807LL;
| static unsigned long long int ubignum = BIG64;
| 
| struct incomplete_array
| {
|   int datasize;
|   double data[];
| };
| 
| struct named_init {
|   int number;
|   const wchar_t *name;
|   double average;
| };
| 
| typedef const char *ccp;
| 
| static inline int
| test_restrict (ccp restrict text)
| {
|   // See if C++-style comments work.
|   // Iterate through items via the restricted pointer.
|   // Also check for declarations in for loops.
|   for (unsigned int i = 0; *(text+i) != '\0'; ++i)
|     continue;
|   return 0;
| }
| 
| // Check varargs and va_copy.
| static void
| test_varargs (const char *format, ...)
| {
|   va_list args;
|   va_start (args, format);
|   va_list args_copy;
|   va_copy (args_copy, args);
| 
|   const char *str;
|   int number;
|   float fnumber;
| 
|   while (*format)
|     {
|       switch (*format++)
| 	{
| 	case 's': // string
| 	  str = va_arg (args_copy, const char *);
| 	  break;
| 	case 'd': // int
| 	  number = va_arg (args_copy, int);
| 	  break;
| 	case 'f': // float
| 	  fnumber = va_arg (args_copy, double);
| 	  break;
| 	default:
| 	  break;
| 	}
|     }
|   va_end (args_copy);
|   va_end (args);
| }
| 
| int
| main ()
| {
| 
|   // Check bool.
|   _Bool success = false;
| 
|   // Check restrict.
|   if (test_restrict ("String literal") == 0)
|     success = true;
|   char *restrict newvar = "Another string";
| 
|   // Check varargs.
|   test_varargs ("s, d' f .", "string", 65, 34.234);
|   test_varargs_macros ();
| 
|   // Check flexible array members.
|   struct incomplete_array *ia =
|     malloc (sizeof (struct incomplete_array) + (sizeof (double) * 10));
|   ia->datasize = 10;
|   for (int i = 0; i < ia->datasize; ++i)
|     ia->data[i] = i * 1.234;
| 
|   // Check named initializers.
|   struct named_init ni = {
|     .number = 34,
|     .name = L"Test wide string",
|     .average = 543.34343,
|   };
| 
|   ni.number = 58;
| 
|   int dynamic_array[ni.number];
|   dynamic_array[ni.number - 1] = 543;
| 
|   // work around unused variable warnings
|   return (!success || bignum == 0LL || ubignum == 0uLL || newvar[0] == 'x'
| 	  || dynamic_array[ni.number - 1] != 543);
| 
|   ;
|   return 0;
| }
configure:4060: gcc -std=gnu99 -c -g -O2  conftest.c >&5
configure:4060: $? = 0
configure:4080: result: -std=gnu99
configure:4089: checking whether gcc -std=gnu99 and cc understand -c and -o together
configure:4120: gcc -std=gnu99 -c conftest.c -o conftest2.o >&5
configure:4124: $? = 0
configure:4130: gcc -std=gnu99 -c conftest.c -o conftest2.o >&5
configure:4134: $? = 0
configure:4145: cc -c conftest.c >&5
configure:4149: $? = 0
configure:4157: cc -c conftest.c -o conftest2.o >&5
configure:4161: $? = 0
configure:4167: cc -c conftest.c -o conftest2.o >&5
configure:4171: $? = 0
configure:4189: result: yes
configure:4218: checking build system type
configure:4232: result: i686-pc-linux-gnu
configure:4252: checking host system type
configure:4265: result: i686-pc-linux-gnu
configure:4634: checking how to print strings
configure:4661: result: printf
configure:4682: checking for a sed that does not truncate output
configure:4746: result: /bin/sed
configure:4764: checking for grep that handles long lines and -e
configure:4822: result: /bin/grep
configure:4827: checking for egrep
configure:4889: result: /bin/grep -E
configure:4894: checking for fgrep
configure:4956: result: /bin/grep -F
configure:4991: checking for ld used by gcc -std=gnu99
configure:5058: result: /usr/bin/ld
configure:5065: checking if the linker (/usr/bin/ld) is GNU ld
configure:5080: result: yes
configure:5092: checking for BSD- or MS-compatible name lister (nm)
configure:5141: result: /usr/bin/nm -B
configure:5271: checking the name lister (/usr/bin/nm -B) interface
configure:5278: gcc -std=gnu99 -c -g -O2  conftest.c >&5
configure:5281: /usr/bin/nm -B "conftest.o"
configure:5284: output
00000000 B some_variable
configure:5291: result: BSD nm
configure:5294: checking whether ln -s works
configure:5298: result: yes
configure:5306: checking the maximum length of command line arguments
configure:5436: result: 1572864
configure:5453: checking whether the shell understands some XSI constructs
configure:5463: result: yes
configure:5467: checking whether the shell understands "+="
configure:5473: result: yes
configure:5508: checking how to convert i686-pc-linux-gnu file names to i686-pc-linux-gnu format
configure:5548: result: func_convert_file_noop
configure:5555: checking how to convert i686-pc-linux-gnu file names to toolchain format
configure:5575: result: func_convert_file_noop
configure:5582: checking for /usr/bin/ld option to reload object files
configure:5589: result: -r
configure:5663: checking for objdump
configure:5690: result: objdump
configure:5719: checking how to recognize dependent libraries
configure:5921: result: pass_all
configure:6006: checking for dlltool
configure:6033: result: dlltool
configure:6063: checking how to associate runtime and link libraries
configure:6090: result: printf %s\n
configure:6151: checking for ar
configure:6167: found /usr/bin/ar
configure:6178: result: ar
configure:6215: checking for archiver @FILE support
configure:6232: gcc -std=gnu99 -c -g -O2  conftest.c >&5
configure:6232: $? = 0
configure:6235: ar cru libconftest.a @conftest.lst >&5
configure:6238: $? = 0
configure:6243: ar cru libconftest.a @conftest.lst >&5
ar: conftest.o: No such file or directory
configure:6246: $? = 1
configure:6258: result: @
configure:6316: checking for strip
configure:6332: found /usr/bin/strip
configure:6343: result: strip
configure:6415: checking for ranlib
configure:6431: found /usr/bin/ranlib
configure:6442: result: ranlib
configure:6544: checking command to parse /usr/bin/nm -B output from gcc -std=gnu99 object
configure:6664: gcc -std=gnu99 -c -g -O2  conftest.c >&5
configure:6667: $? = 0
configure:6671: /usr/bin/nm -B conftest.o \| sed -n -e 's/^.*[ ]\([ABCDGIRSTW][ABCDGIRSTW]*\)[ ][ ]*\([_A-Za-z][_A-Za-z0-9]*\)$/\1 \2 \2/p' | sed '/ __gnu_lto/d' \> conftest.nm
configure:6674: $? = 0
configure:6740: gcc -std=gnu99 -o conftest -g -O2   conftest.c conftstm.o >&5
configure:6743: $? = 0
configure:6781: result: ok
configure:6818: checking for sysroot
configure:6848: result: no
configure:7104: checking for mt
configure:7120: found /bin/mt
configure:7131: result: mt
configure:7154: checking if mt is a manifest tool
configure:7160: mt '-?'
configure:7168: result: no
configure:7810: checking how to run the C preprocessor
configure:7841: gcc -std=gnu99 -E  conftest.c
configure:7841: $? = 0
configure:7855: gcc -std=gnu99 -E  conftest.c
conftest.c:14:28: fatal error: ac_nonexistent.h: No such file or directory
compilation terminated.
configure:7855: $? = 1
configure: failed program was:
| /* confdefs.h */
| #define PACKAGE_NAME "czmq"
| #define PACKAGE_TARNAME "czmq"
| #define PACKAGE_VERSION "1.4.2"
| #define PACKAGE_STRING "czmq 1.4.2"
| #define PACKAGE_BUGREPORT "zeromq-dev@lists.zeromq.org"
| #define PACKAGE_URL ""
| #define PACKAGE "czmq"
| #define VERSION "1.4.2"
| #define PACKAGE_VERSION_MAJOR 1
| #define PACKAGE_VERSION_MINOR 4
| #define PACKAGE_VERSION_PATCH 2
| /* end confdefs.h.  */
| #include <ac_nonexistent.h>
configure:7880: result: gcc -std=gnu99 -E
configure:7900: gcc -std=gnu99 -E  conftest.c
configure:7900: $? = 0
configure:7914: gcc -std=gnu99 -E  conftest.c
conftest.c:14:28: fatal error: ac_nonexistent.h: No such file or directory
compilation terminated.
configure:7914: $? = 1
configure: failed program was:
| /* confdefs.h */
| #define PACKAGE_NAME "czmq"
| #define PACKAGE_TARNAME "czmq"
| #define PACKAGE_VERSION "1.4.2"
| #define PACKAGE_STRING "czmq 1.4.2"
| #define PACKAGE_BUGREPORT "zeromq-dev@lists.zeromq.org"
| #define PACKAGE_URL ""
| #define PACKAGE "czmq"
| #define VERSION "1.4.2"
| #define PACKAGE_VERSION_MAJOR 1
| #define PACKAGE_VERSION_MINOR 4
| #define PACKAGE_VERSION_PATCH 2
| /* end confdefs.h.  */
| #include <ac_nonexistent.h>
configure:7943: checking for ANSI C header files
configure:7963: gcc -std=gnu99 -c -g -O2  conftest.c >&5
configure:7963: $? = 0
configure:8036: gcc -std=gnu99 -o conftest -g -O2   conftest.c  >&5
configure:8036: $? = 0
configure:8036: ./conftest
configure:8036: $? = 0
configure:8047: result: yes
configure:8060: checking for sys/types.h
configure:8060: gcc -std=gnu99 -c -g -O2  conftest.c >&5
configure:8060: $? = 0
configure:8060: result: yes
configure:8060: checking for sys/stat.h
configure:8060: gcc -std=gnu99 -c -g -O2  conftest.c >&5
configure:8060: $? = 0
configure:8060: result: yes
configure:8060: checking for stdlib.h
configure:8060: gcc -std=gnu99 -c -g -O2  conftest.c >&5
configure:8060: $? = 0
configure:8060: result: yes
configure:8060: checking for string.h
configure:8060: gcc -std=gnu99 -c -g -O2  conftest.c >&5
configure:8060: $? = 0
configure:8060: result: yes
configure:8060: checking for memory.h
configure:8060: gcc -std=gnu99 -c -g -O2  conftest.c >&5
configure:8060: $? = 0
configure:8060: result: yes
configure:8060: checking for strings.h
configure:8060: gcc -std=gnu99 -c -g -O2  conftest.c >&5
configure:8060: $? = 0
configure:8060: result: yes
configure:8060: checking for inttypes.h
configure:8060: gcc -std=gnu99 -c -g -O2  conftest.c >&5
configure:8060: $? = 0
configure:8060: result: yes
configure:8060: checking for stdint.h
configure:8060: gcc -std=gnu99 -c -g -O2  conftest.c >&5
configure:8060: $? = 0
configure:8060: result: yes
configure:8060: checking for unistd.h
configure:8060: gcc -std=gnu99 -c -g -O2  conftest.c >&5
configure:8060: $? = 0
configure:8060: result: yes
configure:8074: checking for dlfcn.h
configure:8074: gcc -std=gnu99 -c -g -O2  conftest.c >&5
configure:8074: $? = 0
configure:8074: result: yes
configure:8278: checking for objdir
configure:8293: result: .libs
configure:8564: checking if gcc -std=gnu99 supports -fno-rtti -fno-exceptions
configure:8582: gcc -std=gnu99 -c -g -O2  -fno-rtti -fno-exceptions conftest.c >&5
cc1: warning: command line option '-fno-rtti' is valid for C++/ObjC++ but not for C [enabled by default]
configure:8586: $? = 0
configure:8599: result: no
configure:8926: checking for gcc -std=gnu99 option to produce PIC
configure:8933: result: -fPIC -DPIC
configure:8941: checking if gcc -std=gnu99 PIC flag -fPIC -DPIC works
configure:8959: gcc -std=gnu99 -c -g -O2  -fPIC -DPIC -DPIC conftest.c >&5
configure:8963: $? = 0
configure:8976: result: yes
configure:9005: checking if gcc -std=gnu99 static flag -static works
configure:9033: result: yes
configure:9048: checking if gcc -std=gnu99 supports -c -o file.o
configure:9069: gcc -std=gnu99 -c -g -O2  -o out/conftest2.o conftest.c >&5
configure:9073: $? = 0
configure:9095: result: yes
configure:9103: checking if gcc -std=gnu99 supports -c -o file.o
configure:9150: result: yes
configure:9183: checking whether the gcc -std=gnu99 linker (/usr/bin/ld) supports shared libraries
configure:10340: result: yes
configure:10377: checking whether -lc should be explicitly linked in
configure:10385: gcc -std=gnu99 -c -g -O2  conftest.c >&5
configure:10388: $? = 0
configure:10403: gcc -std=gnu99 -shared  -fPIC -DPIC conftest.o  -v -Wl,-soname -Wl,conftest -o conftest 2\>\&1 \| /bin/grep  -lc  \>/dev/null 2\>\&1
configure:10406: $? = 0
configure:10420: result: no
configure:10580: checking dynamic linker characteristics
configure:11091: gcc -std=gnu99 -o conftest -g -O2   -Wl,-rpath -Wl,/foo conftest.c  >&5
configure:11091: $? = 0
configure:11325: result: GNU/Linux ld.so
configure:11432: checking how to hardcode library paths into programs
configure:11457: result: immediate
configure:11997: checking whether stripping libraries is possible
configure:12002: result: yes
configure:12037: checking if libtool supports shared libraries
configure:12039: result: yes
configure:12042: checking whether to build shared libraries
configure:12063: result: yes
configure:12066: checking whether to build static libraries
configure:12070: result: yes
configure:12107: checking for a sed that does not truncate output
configure:12171: result: /bin/sed
configure:12180: checking for gawk
configure:12207: result: gawk
configure:12220: checking for pthread_create in -lpthread
configure:12245: gcc -std=gnu99 -o conftest -g -O2   conftest.c -lpthread   >&5
configure:12245: $? = 0
configure:12254: result: yes
configure:12265: checking for sodium_init in -lsodium
configure:12290: gcc -std=gnu99 -o conftest -g -O2   conftest.c -lsodium  -lpthread  >&5
configure:12290: $? = 0
configure:12299: result: yes
configure:12344: checking for zmq_init in -lzmq
configure:12369: gcc -std=gnu99 -o conftest -I/usr/local/include -g -O2  -L/usr/local/lib  conftest.c -lzmq  -lsodium -lpthread  >&5
configure:12369: $? = 0
configure:12378: result: yes
configure:12392: checking whether libzmq installation works
configure:12406: gcc -std=gnu99 -o conftest -I/usr/local/include -g -O2  -L/usr/local/lib  conftest.c -lzmq -lsodium -lpthread  >&5
configure:12406: $? = 0
configure:12407: result: yes
configure:12429: checking for asciidoc
configure:12457: result: no
configure:12467: checking for xmlto
configure:12495: result: no
configure:12508: WARNING: You are building an unreleased version of libczmq and asciidoc or xmlto are not installed.
configure:12510: WARNING: Documentation will not be built and manual pages will not be installed.
configure:12514: checking whether to build documentation
configure:12516: result: no
configure:12518: checking whether to install manpages
configure:12520: result: no
configure:12631: checking for ANSI C header files
configure:12735: result: yes
configure:12747: checking errno.h usability
configure:12747: gcc -std=gnu99 -c -I/usr/local/include -g -O2 -D_GNU_SOURCE -DLINUX -D_REENTRANT -D_THREAD_SAFE  conftest.c >&5
configure:12747: $? = 0
configure:12747: result: yes
configure:12747: checking errno.h presence
configure:12747: gcc -std=gnu99 -E -D_GNU_SOURCE -DLINUX -D_REENTRANT -D_THREAD_SAFE  conftest.c
configure:12747: $? = 0
configure:12747: result: yes
configure:12747: checking for errno.h
configure:12747: result: yes
configure:12747: checking arpa/inet.h usability
configure:12747: gcc -std=gnu99 -c -I/usr/local/include -g -O2 -D_GNU_SOURCE -DLINUX -D_REENTRANT -D_THREAD_SAFE  conftest.c >&5
configure:12747: $? = 0
configure:12747: result: yes
configure:12747: checking arpa/inet.h presence
configure:12747: gcc -std=gnu99 -E -D_GNU_SOURCE -DLINUX -D_REENTRANT -D_THREAD_SAFE  conftest.c
configure:12747: $? = 0
configure:12747: result: yes
configure:12747: checking for arpa/inet.h
configure:12747: result: yes
configure:12747: checking netinet/tcp.h usability
configure:12747: gcc -std=gnu99 -c -I/usr/local/include -g -O2 -D_GNU_SOURCE -DLINUX -D_REENTRANT -D_THREAD_SAFE  conftest.c >&5
configure:12747: $? = 0
configure:12747: result: yes
configure:12747: checking netinet/tcp.h presence
configure:12747: gcc -std=gnu99 -E -D_GNU_SOURCE -DLINUX -D_REENTRANT -D_THREAD_SAFE  conftest.c
configure:12747: $? = 0
configure:12747: result: yes
configure:12747: checking for netinet/tcp.h
configure:12747: result: yes
configure:12747: checking netinet/in.h usability
configure:12747: gcc -std=gnu99 -c -I/usr/local/include -g -O2 -D_GNU_SOURCE -DLINUX -D_REENTRANT -D_THREAD_SAFE  conftest.c >&5
configure:12747: $? = 0
configure:12747: result: yes
configure:12747: checking netinet/in.h presence
configure:12747: gcc -std=gnu99 -E -D_GNU_SOURCE -DLINUX -D_REENTRANT -D_THREAD_SAFE  conftest.c
configure:12747: $? = 0
configure:12747: result: yes
configure:12747: checking for netinet/in.h
configure:12747: result: yes
configure:12747: checking stddef.h usability
configure:12747: gcc -std=gnu99 -c -I/usr/local/include -g -O2 -D_GNU_SOURCE -DLINUX -D_REENTRANT -D_THREAD_SAFE  conftest.c >&5
configure:12747: $? = 0
configure:12747: result: yes
configure:12747: checking stddef.h presence
configure:12747: gcc -std=gnu99 -E -D_GNU_SOURCE -DLINUX -D_REENTRANT -D_THREAD_SAFE  conftest.c
configure:12747: $? = 0
configure:12747: result: yes
configure:12747: checking for stddef.h
configure:12747: result: yes
configure:12747: checking for stdlib.h
configure:12747: result: yes
configure:12747: checking for string.h
configure:12747: result: yes
configure:12747: checking sys/socket.h usability
configure:12747: gcc -std=gnu99 -c -I/usr/local/include -g -O2 -D_GNU_SOURCE -DLINUX -D_REENTRANT -D_THREAD_SAFE  conftest.c >&5
configure:12747: $? = 0
configure:12747: result: yes
configure:12747: checking sys/socket.h presence
configure:12747: gcc -std=gnu99 -E -D_GNU_SOURCE -DLINUX -D_REENTRANT -D_THREAD_SAFE  conftest.c
configure:12747: $? = 0
configure:12747: result: yes
configure:12747: checking for sys/socket.h
configure:12747: result: yes
configure:12747: checking sys/time.h usability
configure:12747: gcc -std=gnu99 -c -I/usr/local/include -g -O2 -D_GNU_SOURCE -DLINUX -D_REENTRANT -D_THREAD_SAFE  conftest.c >&5
configure:12747: $? = 0
configure:12747: result: yes
configure:12747: checking sys/time.h presence
configure:12747: gcc -std=gnu99 -E -D_GNU_SOURCE -DLINUX -D_REENTRANT -D_THREAD_SAFE  conftest.c
configure:12747: $? = 0
configure:12747: result: yes
configure:12747: checking for sys/time.h
configure:12747: result: yes
configure:12747: checking for unistd.h
configure:12747: result: yes
configure:12747: checking limits.h usability
configure:12747: gcc -std=gnu99 -c -I/usr/local/include -g -O2 -D_GNU_SOURCE -DLINUX -D_REENTRANT -D_THREAD_SAFE  conftest.c >&5
configure:12747: $? = 0
configure:12747: result: yes
configure:12747: checking limits.h presence
configure:12747: gcc -std=gnu99 -E -D_GNU_SOURCE -DLINUX -D_REENTRANT -D_THREAD_SAFE  conftest.c
configure:12747: $? = 0
configure:12747: result: yes
configure:12747: checking for limits.h
configure:12747: result: yes
configure:12760: checking for net/if.h
configure:12760: gcc -std=gnu99 -c -I/usr/local/include -g -O2 -D_GNU_SOURCE -DLINUX -D_REENTRANT -D_THREAD_SAFE  conftest.c >&5
configure:12760: $? = 0
configure:12760: result: yes
configure:12760: checking for net/if_media.h
configure:12760: gcc -std=gnu99 -c -I/usr/local/include -g -O2 -D_GNU_SOURCE -DLINUX -D_REENTRANT -D_THREAD_SAFE  conftest.c >&5
conftest.c:49:26: fatal error: net/if_media.h: No such file or directory
compilation terminated.
configure:12760: $? = 1
configure: failed program was:
| /* confdefs.h */
| #define PACKAGE_NAME "czmq"
| #define PACKAGE_TARNAME "czmq"
| #define PACKAGE_VERSION "1.4.2"
| #define PACKAGE_STRING "czmq 1.4.2"
| #define PACKAGE_BUGREPORT "zeromq-dev@lists.zeromq.org"
| #define PACKAGE_URL ""
| #define PACKAGE "czmq"
| #define VERSION "1.4.2"
| #define PACKAGE_VERSION_MAJOR 1
| #define PACKAGE_VERSION_MINOR 4
| #define PACKAGE_VERSION_PATCH 2
| #define STDC_HEADERS 1
| #define HAVE_SYS_TYPES_H 1
| #define HAVE_SYS_STAT_H 1
| #define HAVE_STDLIB_H 1
| #define HAVE_STRING_H 1
| #define HAVE_MEMORY_H 1
| #define HAVE_STRINGS_H 1
| #define HAVE_INTTYPES_H 1
| #define HAVE_STDINT_H 1
| #define HAVE_UNISTD_H 1
| #define HAVE_DLFCN_H 1
| #define LT_OBJDIR ".libs/"
| #define HAVE_LIBPTHREAD 1
| #define HAVE_LIBSODIUM 1
| #define HAVE_LIBZMQ 1
| #define CZMQ_HAVE_LINUX 1
| #define STDC_HEADERS 1
| #define HAVE_ERRNO_H 1
| #define HAVE_ARPA_INET_H 1
| #define HAVE_NETINET_TCP_H 1
| #define HAVE_NETINET_IN_H 1
| #define HAVE_STDDEF_H 1
| #define HAVE_STDLIB_H 1
| #define HAVE_STRING_H 1
| #define HAVE_SYS_SOCKET_H 1
| #define HAVE_SYS_TIME_H 1
| #define HAVE_UNISTD_H 1
| #define HAVE_LIMITS_H 1
| #define HAVE_NET_IF_H 1
| /* end confdefs.h.  */
| 
| #ifdef HAVE_SYS_SOCKET_H
| # include <sys/socket.h>
| #endif
| 
| 
| #include <net/if_media.h>
configure:12760: result: no
configure:12760: checking for linux/wireless.h
configure:12760: gcc -std=gnu99 -c -I/usr/local/include -g -O2 -D_GNU_SOURCE -DLINUX -D_REENTRANT -D_THREAD_SAFE  conftest.c >&5
configure:12760: $? = 0
configure:12760: result: yes
configure:12777: checking for stdbool.h that conforms to C99
configure:12844: gcc -std=gnu99 -c -I/usr/local/include -g -O2 -D_GNU_SOURCE -DLINUX -D_REENTRANT -D_THREAD_SAFE  conftest.c >&5
configure:12844: $? = 0
configure:12851: result: yes
configure:12853: checking for _Bool
configure:12853: gcc -std=gnu99 -c -I/usr/local/include -g -O2 -D_GNU_SOURCE -DLINUX -D_REENTRANT -D_THREAD_SAFE  conftest.c >&5
configure:12853: $? = 0
configure:12853: gcc -std=gnu99 -c -I/usr/local/include -g -O2 -D_GNU_SOURCE -DLINUX -D_REENTRANT -D_THREAD_SAFE  conftest.c >&5
conftest.c: In function 'main':
conftest.c:80:20: error: expected expression before ')' token
configure:12853: $? = 1
configure: failed program was:
| /* confdefs.h */
| #define PACKAGE_NAME "czmq"
| #define PACKAGE_TARNAME "czmq"
| #define PACKAGE_VERSION "1.4.2"
| #define PACKAGE_STRING "czmq 1.4.2"
| #define PACKAGE_BUGREPORT "zeromq-dev@lists.zeromq.org"
| #define PACKAGE_URL ""
| #define PACKAGE "czmq"
| #define VERSION "1.4.2"
| #define PACKAGE_VERSION_MAJOR 1
| #define PACKAGE_VERSION_MINOR 4
| #define PACKAGE_VERSION_PATCH 2
| #define STDC_HEADERS 1
| #define HAVE_SYS_TYPES_H 1
| #define HAVE_SYS_STAT_H 1
| #define HAVE_STDLIB_H 1
| #define HAVE_STRING_H 1
| #define HAVE_MEMORY_H 1
| #define HAVE_STRINGS_H 1
| #define HAVE_INTTYPES_H 1
| #define HAVE_STDINT_H 1
| #define HAVE_UNISTD_H 1
| #define HAVE_DLFCN_H 1
| #define LT_OBJDIR ".libs/"
| #define HAVE_LIBPTHREAD 1
| #define HAVE_LIBSODIUM 1
| #define HAVE_LIBZMQ 1
| #define CZMQ_HAVE_LINUX 1
| #define STDC_HEADERS 1
| #define HAVE_ERRNO_H 1
| #define HAVE_ARPA_INET_H 1
| #define HAVE_NETINET_TCP_H 1
| #define HAVE_NETINET_IN_H 1
| #define HAVE_STDDEF_H 1
| #define HAVE_STDLIB_H 1
| #define HAVE_STRING_H 1
| #define HAVE_SYS_SOCKET_H 1
| #define HAVE_SYS_TIME_H 1
| #define HAVE_UNISTD_H 1
| #define HAVE_LIMITS_H 1
| #define HAVE_NET_IF_H 1
| #define HAVE_LINUX_WIRELESS_H 1
| /* end confdefs.h.  */
| #include <stdio.h>
| #ifdef HAVE_SYS_TYPES_H
| # include <sys/types.h>
| #endif
| #ifdef HAVE_SYS_STAT_H
| # include <sys/stat.h>
| #endif
| #ifdef STDC_HEADERS
| # include <stdlib.h>
| # include <stddef.h>
| #else
| # ifdef HAVE_STDLIB_H
| #  include <stdlib.h>
| # endif
| #endif
| #ifdef HAVE_STRING_H
| # if !defined STDC_HEADERS && defined HAVE_MEMORY_H
| #  include <memory.h>
| # endif
| # include <string.h>
| #endif
| #ifdef HAVE_STRINGS_H
| # include <strings.h>
| #endif
| #ifdef HAVE_INTTYPES_H
| # include <inttypes.h>
| #endif
| #ifdef HAVE_STDINT_H
| # include <stdint.h>
| #endif
| #ifdef HAVE_UNISTD_H
| # include <unistd.h>
| #endif
| int
| main ()
| {
| if (sizeof ((_Bool)))
| 	    return 0;
|   ;
|   return 0;
| }
configure:12853: result: yes
configure:12869: checking for an ANSI C-conforming const
configure:12934: gcc -std=gnu99 -c -I/usr/local/include -g -O2 -D_GNU_SOURCE -DLINUX -D_REENTRANT -D_THREAD_SAFE  conftest.c >&5
configure:12934: $? = 0
configure:12941: result: yes
configure:12949: checking for inline
configure:12965: gcc -std=gnu99 -c -I/usr/local/include -g -O2 -D_GNU_SOURCE -DLINUX -D_REENTRANT -D_THREAD_SAFE  conftest.c >&5
configure:12965: $? = 0
configure:12973: result: inline
configure:12991: checking for size_t
configure:12991: gcc -std=gnu99 -c -I/usr/local/include -g -O2 -D_GNU_SOURCE -DLINUX -D_REENTRANT -D_THREAD_SAFE  conftest.c >&5
configure:12991: $? = 0
configure:12991: gcc -std=gnu99 -c -I/usr/local/include -g -O2 -D_GNU_SOURCE -DLINUX -D_REENTRANT -D_THREAD_SAFE  conftest.c >&5
conftest.c: In function 'main':
conftest.c:82:21: error: expected expression before ')' token
configure:12991: $? = 1
configure: failed program was:
| /* confdefs.h */
| #define PACKAGE_NAME "czmq"
| #define PACKAGE_TARNAME "czmq"
| #define PACKAGE_VERSION "1.4.2"
| #define PACKAGE_STRING "czmq 1.4.2"
| #define PACKAGE_BUGREPORT "zeromq-dev@lists.zeromq.org"
| #define PACKAGE_URL ""
| #define PACKAGE "czmq"
| #define VERSION "1.4.2"
| #define PACKAGE_VERSION_MAJOR 1
| #define PACKAGE_VERSION_MINOR 4
| #define PACKAGE_VERSION_PATCH 2
| #define STDC_HEADERS 1
| #define HAVE_SYS_TYPES_H 1
| #define HAVE_SYS_STAT_H 1
| #define HAVE_STDLIB_H 1
| #define HAVE_STRING_H 1
| #define HAVE_MEMORY_H 1
| #define HAVE_STRINGS_H 1
| #define HAVE_INTTYPES_H 1
| #define HAVE_STDINT_H 1
| #define HAVE_UNISTD_H 1
| #define HAVE_DLFCN_H 1
| #define LT_OBJDIR ".libs/"
| #define HAVE_LIBPTHREAD 1
| #define HAVE_LIBSODIUM 1
| #define HAVE_LIBZMQ 1
| #define CZMQ_HAVE_LINUX 1
| #define STDC_HEADERS 1
| #define HAVE_ERRNO_H 1
| #define HAVE_ARPA_INET_H 1
| #define HAVE_NETINET_TCP_H 1
| #define HAVE_NETINET_IN_H 1
| #define HAVE_STDDEF_H 1
| #define HAVE_STDLIB_H 1
| #define HAVE_STRING_H 1
| #define HAVE_SYS_SOCKET_H 1
| #define HAVE_SYS_TIME_H 1
| #define HAVE_UNISTD_H 1
| #define HAVE_LIMITS_H 1
| #define HAVE_NET_IF_H 1
| #define HAVE_LINUX_WIRELESS_H 1
| #define HAVE__BOOL 1
| #define HAVE_STDBOOL_H 1
| /* end confdefs.h.  */
| #include <stdio.h>
| #ifdef HAVE_SYS_TYPES_H
| # include <sys/types.h>
| #endif
| #ifdef HAVE_SYS_STAT_H
| # include <sys/stat.h>
| #endif
| #ifdef STDC_HEADERS
| # include <stdlib.h>
| # include <stddef.h>
| #else
| # ifdef HAVE_STDLIB_H
| #  include <stdlib.h>
| # endif
| #endif
| #ifdef HAVE_STRING_H
| # if !defined STDC_HEADERS && defined HAVE_MEMORY_H
| #  include <memory.h>
| # endif
| # include <string.h>
| #endif
| #ifdef HAVE_STRINGS_H
| # include <strings.h>
| #endif
| #ifdef HAVE_INTTYPES_H
| # include <inttypes.h>
| #endif
| #ifdef HAVE_STDINT_H
| # include <stdint.h>
| #endif
| #ifdef HAVE_UNISTD_H
| # include <unistd.h>
| #endif
| int
| main ()
| {
| if (sizeof ((size_t)))
| 	    return 0;
|   ;
|   return 0;
| }
configure:12991: result: yes
configure:13002: checking for ssize_t
configure:13002: gcc -std=gnu99 -c -I/usr/local/include -g -O2 -D_GNU_SOURCE -DLINUX -D_REENTRANT -D_THREAD_SAFE  conftest.c >&5
configure:13002: $? = 0
configure:13002: gcc -std=gnu99 -c -I/usr/local/include -g -O2 -D_GNU_SOURCE -DLINUX -D_REENTRANT -D_THREAD_SAFE  conftest.c >&5
conftest.c: In function 'main':
conftest.c:82:22: error: expected expression before ')' token
configure:13002: $? = 1
configure: failed program was:
| /* confdefs.h */
| #define PACKAGE_NAME "czmq"
| #define PACKAGE_TARNAME "czmq"
| #define PACKAGE_VERSION "1.4.2"
| #define PACKAGE_STRING "czmq 1.4.2"
| #define PACKAGE_BUGREPORT "zeromq-dev@lists.zeromq.org"
| #define PACKAGE_URL ""
| #define PACKAGE "czmq"
| #define VERSION "1.4.2"
| #define PACKAGE_VERSION_MAJOR 1
| #define PACKAGE_VERSION_MINOR 4
| #define PACKAGE_VERSION_PATCH 2
| #define STDC_HEADERS 1
| #define HAVE_SYS_TYPES_H 1
| #define HAVE_SYS_STAT_H 1
| #define HAVE_STDLIB_H 1
| #define HAVE_STRING_H 1
| #define HAVE_MEMORY_H 1
| #define HAVE_STRINGS_H 1
| #define HAVE_INTTYPES_H 1
| #define HAVE_STDINT_H 1
| #define HAVE_UNISTD_H 1
| #define HAVE_DLFCN_H 1
| #define LT_OBJDIR ".libs/"
| #define HAVE_LIBPTHREAD 1
| #define HAVE_LIBSODIUM 1
| #define HAVE_LIBZMQ 1
| #define CZMQ_HAVE_LINUX 1
| #define STDC_HEADERS 1
| #define HAVE_ERRNO_H 1
| #define HAVE_ARPA_INET_H 1
| #define HAVE_NETINET_TCP_H 1
| #define HAVE_NETINET_IN_H 1
| #define HAVE_STDDEF_H 1
| #define HAVE_STDLIB_H 1
| #define HAVE_STRING_H 1
| #define HAVE_SYS_SOCKET_H 1
| #define HAVE_SYS_TIME_H 1
| #define HAVE_UNISTD_H 1
| #define HAVE_LIMITS_H 1
| #define HAVE_NET_IF_H 1
| #define HAVE_LINUX_WIRELESS_H 1
| #define HAVE__BOOL 1
| #define HAVE_STDBOOL_H 1
| /* end confdefs.h.  */
| #include <stdio.h>
| #ifdef HAVE_SYS_TYPES_H
| # include <sys/types.h>
| #endif
| #ifdef HAVE_SYS_STAT_H
| # include <sys/stat.h>
| #endif
| #ifdef STDC_HEADERS
| # include <stdlib.h>
| # include <stddef.h>
| #else
| # ifdef HAVE_STDLIB_H
| #  include <stdlib.h>
| # endif
| #endif
| #ifdef HAVE_STRING_H
| # if !defined STDC_HEADERS && defined HAVE_MEMORY_H
| #  include <memory.h>
| # endif
| # include <string.h>
| #endif
| #ifdef HAVE_STRINGS_H
| # include <strings.h>
| #endif
| #ifdef HAVE_INTTYPES_H
| # include <inttypes.h>
| #endif
| #ifdef HAVE_STDINT_H
| # include <stdint.h>
| #endif
| #ifdef HAVE_UNISTD_H
| # include <unistd.h>
| #endif
| int
| main ()
| {
| if (sizeof ((ssize_t)))
| 	    return 0;
|   ;
|   return 0;
| }
configure:13002: result: yes
configure:13013: checking whether time.h and sys/time.h may both be included
configure:13033: gcc -std=gnu99 -c -I/usr/local/include -g -O2 -D_GNU_SOURCE -DLINUX -D_REENTRANT -D_THREAD_SAFE  conftest.c >&5
configure:13033: $? = 0
configure:13040: result: yes
configure:13048: checking for uint32_t
configure:13048: gcc -std=gnu99 -c -I/usr/local/include -g -O2 -D_GNU_SOURCE -DLINUX -D_REENTRANT -D_THREAD_SAFE  conftest.c >&5
configure:13048: $? = 0
configure:13048: result: yes
configure:13062: checking for working volatile
configure:13081: gcc -std=gnu99 -c -I/usr/local/include -g -O2 -D_GNU_SOURCE -DLINUX -D_REENTRANT -D_THREAD_SAFE  conftest.c >&5
configure:13081: $? = 0
configure:13088: result: yes
configure:13136: checking return type of signal handlers
configure:13154: gcc -std=gnu99 -c -I/usr/local/include -g -O2 -pedantic -Werror -Wall -D_GNU_SOURCE -DLINUX -D_REENTRANT -D_THREAD_SAFE  conftest.c >&5
conftest.c: In function 'main':
conftest.c:53:1: error: void value not ignored as it ought to be
configure:13154: $? = 1
configure: failed program was:
| /* confdefs.h */
| #define PACKAGE_NAME "czmq"
| #define PACKAGE_TARNAME "czmq"
| #define PACKAGE_VERSION "1.4.2"
| #define PACKAGE_STRING "czmq 1.4.2"
| #define PACKAGE_BUGREPORT "zeromq-dev@lists.zeromq.org"
| #define PACKAGE_URL ""
| #define PACKAGE "czmq"
| #define VERSION "1.4.2"
| #define PACKAGE_VERSION_MAJOR 1
| #define PACKAGE_VERSION_MINOR 4
| #define PACKAGE_VERSION_PATCH 2
| #define STDC_HEADERS 1
| #define HAVE_SYS_TYPES_H 1
| #define HAVE_SYS_STAT_H 1
| #define HAVE_STDLIB_H 1
| #define HAVE_STRING_H 1
| #define HAVE_MEMORY_H 1
| #define HAVE_STRINGS_H 1
| #define HAVE_INTTYPES_H 1
| #define HAVE_STDINT_H 1
| #define HAVE_UNISTD_H 1
| #define HAVE_DLFCN_H 1
| #define LT_OBJDIR ".libs/"
| #define HAVE_LIBPTHREAD 1
| #define HAVE_LIBSODIUM 1
| #define HAVE_LIBZMQ 1
| #define CZMQ_HAVE_LINUX 1
| #define STDC_HEADERS 1
| #define HAVE_ERRNO_H 1
| #define HAVE_ARPA_INET_H 1
| #define HAVE_NETINET_TCP_H 1
| #define HAVE_NETINET_IN_H 1
| #define HAVE_STDDEF_H 1
| #define HAVE_STDLIB_H 1
| #define HAVE_STRING_H 1
| #define HAVE_SYS_SOCKET_H 1
| #define HAVE_SYS_TIME_H 1
| #define HAVE_UNISTD_H 1
| #define HAVE_LIMITS_H 1
| #define HAVE_NET_IF_H 1
| #define HAVE_LINUX_WIRELESS_H 1
| #define HAVE__BOOL 1
| #define HAVE_STDBOOL_H 1
| #define TIME_WITH_SYS_TIME 1
| /* end confdefs.h.  */
| #include <sys/types.h>
| #include <signal.h>
| 
| int
| main ()
| {
| return *(signal (0, 0)) (0) == 1;
|   ;
|   return 0;
| }
configure:13161: result: void
configure:13172: checking for perror
configure:13172: gcc -std=gnu99 -o conftest -I/usr/local/include -g -O2 -pedantic -Werror -Wall -D_GNU_SOURCE -DLINUX -D_REENTRANT -D_THREAD_SAFE  -L/usr/local/lib  conftest.c -lzmq -lsodium -lpthread  >&5
configure:13172: $? = 0
configure:13172: result: yes
configure:13172: checking for gettimeofday
configure:13172: gcc -std=gnu99 -o conftest -I/usr/local/include -g -O2 -pedantic -Werror -Wall -D_GNU_SOURCE -DLINUX -D_REENTRANT -D_THREAD_SAFE  -L/usr/local/lib  conftest.c -lzmq -lsodium -lpthread  >&5
configure:13172: $? = 0
configure:13172: result: yes
configure:13172: checking for memset
configure:13172: gcc -std=gnu99 -o conftest -I/usr/local/include -g -O2 -pedantic -Werror -Wall -D_GNU_SOURCE -DLINUX -D_REENTRANT -D_THREAD_SAFE  -L/usr/local/lib  conftest.c -lzmq -lsodium -lpthread  >&5
conftest.c:73:6: error: conflicting types for built-in function 'memset' [-Werror]
cc1: all warnings being treated as errors
configure:13172: $? = 1
configure: failed program was:
| /* confdefs.h */
| #define PACKAGE_NAME "czmq"
| #define PACKAGE_TARNAME "czmq"
| #define PACKAGE_VERSION "1.4.2"
| #define PACKAGE_STRING "czmq 1.4.2"
| #define PACKAGE_BUGREPORT "zeromq-dev@lists.zeromq.org"
| #define PACKAGE_URL ""
| #define PACKAGE "czmq"
| #define VERSION "1.4.2"
| #define PACKAGE_VERSION_MAJOR 1
| #define PACKAGE_VERSION_MINOR 4
| #define PACKAGE_VERSION_PATCH 2
| #define STDC_HEADERS 1
| #define HAVE_SYS_TYPES_H 1
| #define HAVE_SYS_STAT_H 1
| #define HAVE_STDLIB_H 1
| #define HAVE_STRING_H 1
| #define HAVE_MEMORY_H 1
| #define HAVE_STRINGS_H 1
| #define HAVE_INTTYPES_H 1
| #define HAVE_STDINT_H 1
| #define HAVE_UNISTD_H 1
| #define HAVE_DLFCN_H 1
| #define LT_OBJDIR ".libs/"
| #define HAVE_LIBPTHREAD 1
| #define HAVE_LIBSODIUM 1
| #define HAVE_LIBZMQ 1
| #define CZMQ_HAVE_LINUX 1
| #define STDC_HEADERS 1
| #define HAVE_ERRNO_H 1
| #define HAVE_ARPA_INET_H 1
| #define HAVE_NETINET_TCP_H 1
| #define HAVE_NETINET_IN_H 1
| #define HAVE_STDDEF_H 1
| #define HAVE_STDLIB_H 1
| #define HAVE_STRING_H 1
| #define HAVE_SYS_SOCKET_H 1
| #define HAVE_SYS_TIME_H 1
| #define HAVE_UNISTD_H 1
| #define HAVE_LIMITS_H 1
| #define HAVE_NET_IF_H 1
| #define HAVE_LINUX_WIRELESS_H 1
| #define HAVE__BOOL 1
| #define HAVE_STDBOOL_H 1
| #define TIME_WITH_SYS_TIME 1
| #define RETSIGTYPE void
| #define HAVE_PERROR 1
| #define HAVE_GETTIMEOFDAY 1
| /* end confdefs.h.  */
| /* Define memset to an innocuous variant, in case <limits.h> declares memset.
|    For example, HP-UX 11i <limits.h> declares gettimeofday.  */
| #define memset innocuous_memset
| 
| /* System header to define __stub macros and hopefully few prototypes,
|     which can conflict with char memset (); below.
|     Prefer <limits.h> to <assert.h> if __STDC__ is defined, since
|     <limits.h> exists even on freestanding compilers.  */
| 
| #ifdef __STDC__
| # include <limits.h>
| #else
| # include <assert.h>
| #endif
| 
| #undef memset
| 
| /* Override any GCC internal prototype to avoid an error.
|    Use char because int might match the return type of a GCC
|    builtin and then its argument prototype would still apply.  */
| #ifdef __cplusplus
| extern "C"
| #endif
| char memset ();
| /* The GNU C library defines this for functions which it implements
|     to always fail with ENOSYS.  Some functions are actually named
|     something starting with __ and the normal name is an alias.  */
| #if defined __stub_memset || defined __stub___memset
| choke me
| #endif
| 
| int
| main ()
| {
| return memset ();
|   ;
|   return 0;
| }
configure:13172: result: no
configure:13172: checking for getifaddrs
configure:13172: gcc -std=gnu99 -o conftest -I/usr/local/include -g -O2 -pedantic -Werror -Wall -D_GNU_SOURCE -DLINUX -D_REENTRANT -D_THREAD_SAFE  -L/usr/local/lib  conftest.c -lzmq -lsodium -lpthread  >&5
configure:13172: $? = 0
configure:13172: result: yes
configure:13172: checking for freeifaddrs
configure:13172: gcc -std=gnu99 -o conftest -I/usr/local/include -g -O2 -pedantic -Werror -Wall -D_GNU_SOURCE -DLINUX -D_REENTRANT -D_THREAD_SAFE  -L/usr/local/lib  conftest.c -lzmq -lsodium -lpthread  >&5
configure:13172: $? = 0
configure:13172: result: yes
configure:13331: creating ./config.status

## ---------------------- ##
## Running config.status. ##
## ---------------------- ##

This file was extended by czmq config.status 1.4.2, which was
generated by GNU Autoconf 2.68.  Invocation command line was

  CONFIG_FILES    = 
  CONFIG_HEADERS  = 
  CONFIG_LINKS    = 
  CONFIG_COMMANDS = 
  $ ./config.status 

on 113970-A6501

config.status:1132: creating Makefile
config.status:1132: creating src/Makefile
config.status:1132: creating src/libczmq.pc
config.status:1132: creating src/platform.h
config.status:1313: src/platform.h is unchanged
config.status:1361: executing depfiles commands
config.status:1361: executing libtool commands

## ---------------- ##
## Cache variables. ##
## ---------------- ##

ac_cv_build=i686-pc-linux-gnu
ac_cv_c_compiler_gnu=yes
ac_cv_c_const=yes
ac_cv_c_inline=inline
ac_cv_c_uint32_t=yes
ac_cv_c_volatile=yes
ac_cv_env_CC_set=
ac_cv_env_CC_value=
ac_cv_env_CFLAGS_set=
ac_cv_env_CFLAGS_value=
ac_cv_env_CPPFLAGS_set=
ac_cv_env_CPPFLAGS_value=
ac_cv_env_CPP_set=
ac_cv_env_CPP_value=
ac_cv_env_LDFLAGS_set=
ac_cv_env_LDFLAGS_value=
ac_cv_env_LIBS_set=
ac_cv_env_LIBS_value=
ac_cv_env_build_alias_set=
ac_cv_env_build_alias_value=
ac_cv_env_host_alias_set=
ac_cv_env_host_alias_value=
ac_cv_env_target_alias_set=
ac_cv_env_target_alias_value=
ac_cv_func_freeifaddrs=yes
ac_cv_func_getifaddrs=yes
ac_cv_func_gettimeofday=yes
ac_cv_func_memset=no
ac_cv_func_perror=yes
ac_cv_header_arpa_inet_h=yes
ac_cv_header_dlfcn_h=yes
ac_cv_header_errno_h=yes
ac_cv_header_inttypes_h=yes
ac_cv_header_limits_h=yes
ac_cv_header_linux_wireless_h=yes
ac_cv_header_memory_h=yes
ac_cv_header_net_if_h=yes
ac_cv_header_net_if_media_h=no
ac_cv_header_netinet_in_h=yes
ac_cv_header_netinet_tcp_h=yes
ac_cv_header_stdbool_h=yes
ac_cv_header_stdc=yes
ac_cv_header_stddef_h=yes
ac_cv_header_stdint_h=yes
ac_cv_header_stdlib_h=yes
ac_cv_header_string_h=yes
ac_cv_header_strings_h=yes
ac_cv_header_sys_socket_h=yes
ac_cv_header_sys_stat_h=yes
ac_cv_header_sys_time_h=yes
ac_cv_header_sys_types_h=yes
ac_cv_header_time=yes
ac_cv_header_unistd_h=yes
ac_cv_host=i686-pc-linux-gnu
ac_cv_lib_pthread_pthread_create=yes
ac_cv_lib_sodium_sodium_init=yes
ac_cv_lib_zmq_zmq_init=yes
ac_cv_objext=o
ac_cv_path_EGREP='/bin/grep -E'
ac_cv_path_FGREP='/bin/grep -F'
ac_cv_path_GREP=/bin/grep
ac_cv_path_SED=/bin/sed
ac_cv_path_install='/usr/bin/install -c'
ac_cv_path_mkdir=/bin/mkdir
ac_cv_prog_AWK=gawk
ac_cv_prog_CPP='gcc -std=gnu99 -E'
ac_cv_prog_ac_ct_AR=ar
ac_cv_prog_ac_ct_CC=gcc
ac_cv_prog_ac_ct_DLLTOOL=dlltool
ac_cv_prog_ac_ct_MANIFEST_TOOL=mt
ac_cv_prog_ac_ct_OBJDUMP=objdump
ac_cv_prog_ac_ct_RANLIB=ranlib
ac_cv_prog_ac_ct_STRIP=strip
ac_cv_prog_cc_c89=
ac_cv_prog_cc_c99=-std=gnu99
ac_cv_prog_cc_g=yes
ac_cv_prog_cc_gcc_c_o=yes
ac_cv_prog_czmq_have_asciidoc=no
ac_cv_prog_czmq_have_xmlto=no
ac_cv_prog_make_make_set=yes
ac_cv_type__Bool=yes
ac_cv_type_signal=void
ac_cv_type_size_t=yes
ac_cv_type_ssize_t=yes
am_cv_CC_dependencies_compiler_type=gcc3
am_cv_prog_tar_ustar=gnutar
lt_cv_ar_at_file=@
lt_cv_archive_cmds_need_lc=no
lt_cv_deplibs_check_method=pass_all
lt_cv_file_magic_cmd='$MAGIC_CMD'
lt_cv_file_magic_test_file=
lt_cv_ld_reload_flag=-r
lt_cv_nm_interface='BSD nm'
lt_cv_objdir=.libs
lt_cv_path_LD=/usr/bin/ld
lt_cv_path_NM='/usr/bin/nm -B'
lt_cv_path_mainfest_tool=no
lt_cv_prog_compiler_c_o=yes
lt_cv_prog_compiler_pic='-fPIC -DPIC'
lt_cv_prog_compiler_pic_works=yes
lt_cv_prog_compiler_rtti_exceptions=no
lt_cv_prog_compiler_static_works=yes
lt_cv_prog_gnu_ld=yes
lt_cv_sharedlib_from_linklib_cmd='printf %s\n'
lt_cv_shlibpath_overrides_runpath=no
lt_cv_sys_global_symbol_pipe='sed -n -e '\''s/^.*[	 ]\([ABCDGIRSTW][ABCDGIRSTW]*\)[	 ][	 ]*\([_A-Za-z][_A-Za-z0-9]*\)$/\1 \2 \2/p'\'' | sed '\''/ __gnu_lto/d'\'''
lt_cv_sys_global_symbol_to_c_name_address='sed -n -e '\''s/^: \([^ ]*\)[ ]*$/  {\"\1\", (void *) 0},/p'\'' -e '\''s/^[ABCDGIRSTW]* \([^ ]*\) \([^ ]*\)$/  {"\2", (void *) \&\2},/p'\'''
lt_cv_sys_global_symbol_to_c_name_address_lib_prefix='sed -n -e '\''s/^: \([^ ]*\)[ ]*$/  {\"\1\", (void *) 0},/p'\'' -e '\''s/^[ABCDGIRSTW]* \([^ ]*\) \(lib[^ ]*\)$/  {"\2", (void *) \&\2},/p'\'' -e '\''s/^[ABCDGIRSTW]* \([^ ]*\) \([^ ]*\)$/  {"lib\2", (void *) \&\2},/p'\'''
lt_cv_sys_global_symbol_to_cdecl='sed -n -e '\''s/^T .* \(.*\)$/extern int \1();/p'\'' -e '\''s/^[ABCDGIRSTW]* .* \(.*\)$/extern char \1;/p'\'''
lt_cv_sys_max_cmd_len=1572864
lt_cv_to_host_file_cmd=func_convert_file_noop
lt_cv_to_tool_file_cmd=func_convert_file_noop

## ----------------- ##
## Output variables. ##
## ----------------- ##

ACLOCAL='${SHELL} /home/nick/lib/emirates/czmq/config/missing --run aclocal-1.11'
AMDEPBACKSLASH='\'
AMDEP_FALSE='#'
AMDEP_TRUE=''
AMTAR='$${TAR-tar}'
AR='ar'
AS='as'
AUTOCONF='${SHELL} /home/nick/lib/emirates/czmq/config/missing --run autoconf'
AUTOHEADER='${SHELL} /home/nick/lib/emirates/czmq/config/missing --run autoheader'
AUTOMAKE='${SHELL} /home/nick/lib/emirates/czmq/config/missing --run automake-1.11'
AWK='gawk'
BUILD_DOC_FALSE=''
BUILD_DOC_TRUE='#'
CC='gcc -std=gnu99'
CCDEPMODE='depmode=gcc3'
CFLAGS='-I/usr/local/include -g -O2'
CPP='gcc -std=gnu99 -E'
CPPFLAGS='-pedantic -Werror -Wall -D_GNU_SOURCE -DLINUX -D_REENTRANT -D_THREAD_SAFE '
CYGPATH_W='echo'
DEFS='-DHAVE_CONFIG_H'
DEPDIR='.deps'
DLLTOOL='dlltool'
DSYMUTIL=''
DUMPBIN=''
ECHO_C=''
ECHO_N='-n'
ECHO_T=''
EGREP='/bin/grep -E'
EXEEXT=''
FGREP='/bin/grep -F'
GREP='/bin/grep'
INSTALL_DATA='${INSTALL} -m 644'
INSTALL_MAN_FALSE=''
INSTALL_MAN_TRUE='#'
INSTALL_PROGRAM='${INSTALL}'
INSTALL_SCRIPT='${INSTALL}'
INSTALL_STRIP_PROGRAM='$(install_sh) -c -s'
LD='/usr/bin/ld'
LDFLAGS='-L/usr/local/lib '
LIBOBJS=''
LIBS='-lzmq -lsodium -lpthread '
LIBTOOL='$(SHELL) $(top_builddir)/libtool'
LIPO=''
LN_S='ln -s'
LTLIBOBJS=''
LTVER='1:0:0'
MAKEINFO='${SHELL} /home/nick/lib/emirates/czmq/config/missing --run makeinfo'
MANIFEST_TOOL=':'
MKDIR_P='/bin/mkdir -p'
NM='/usr/bin/nm -B'
NMEDIT=''
OBJDUMP='objdump'
OBJEXT='o'
ON_ANDROID_FALSE=''
ON_ANDROID_TRUE='#'
ON_MINGW_FALSE=''
ON_MINGW_TRUE='#'
OTOOL64=''
OTOOL=''
PACKAGE='czmq'
PACKAGE_BUGREPORT='zeromq-dev@lists.zeromq.org'
PACKAGE_NAME='czmq'
PACKAGE_STRING='czmq 1.4.2'
PACKAGE_TARNAME='czmq'
PACKAGE_URL=''
PACKAGE_VERSION='1.4.2'
PATH_SEPARATOR=':'
RANLIB='ranlib'
SED='/bin/sed'
SET_MAKE=''
SHELL='/bin/bash'
STRIP='strip'
VERSION='1.4.2'
ac_ct_AR='ar'
ac_ct_CC='gcc'
ac_ct_DUMPBIN=''
am__EXEEXT_FALSE=''
am__EXEEXT_TRUE='#'
am__fastdepCC_FALSE='#'
am__fastdepCC_TRUE=''
am__include='include'
am__isrc=''
am__leading_dot='.'
am__nodep='_no'
am__quote=''
am__tar='tar --format=ustar -chf - "$$tardir"'
am__untar='tar -xf -'
bindir='${exec_prefix}/bin'
build='i686-pc-linux-gnu'
build_alias=''
build_cpu='i686'
build_os='linux-gnu'
build_vendor='pc'
czmq_have_asciidoc='no'
czmq_have_xmlto='no'
datadir='${datarootdir}'
datarootdir='${prefix}/share'
docdir='${datarootdir}/doc/${PACKAGE_TARNAME}'
dvidir='${docdir}'
exec_prefix='${prefix}'
host='i686-pc-linux-gnu'
host_alias=''
host_cpu='i686'
host_os='linux-gnu'
host_vendor='pc'
htmldir='${docdir}'
includedir='${prefix}/include'
infodir='${datarootdir}/info'
install_sh='${SHELL} /home/nick/lib/emirates/czmq/config/install-sh'
libdir='${exec_prefix}/lib'
libexecdir='${exec_prefix}/libexec'
localedir='${datarootdir}/locale'
localstatedir='${prefix}/var'
mandir='${datarootdir}/man'
mkdir_p='/bin/mkdir -p'
oldincludedir='/usr/include'
pdfdir='${docdir}'
prefix='/usr/local'
program_transform_name='s,x,x,'
psdir='${docdir}'
sbindir='${exec_prefix}/sbin'
sharedstatedir='${prefix}/com'
sysconfdir='${prefix}/etc'
target_alias=''

## ----------- ##
## confdefs.h. ##
## ----------- ##

/* confdefs.h */
#define PACKAGE_NAME "czmq"
#define PACKAGE_TARNAME "czmq"
#define PACKAGE_VERSION "1.4.2"
#define PACKAGE_STRING "czmq 1.4.2"
#define PACKAGE_BUGREPORT "zeromq-dev@lists.zeromq.org"
#define PACKAGE_URL ""
#define PACKAGE "czmq"
#define VERSION "1.4.2"
#define PACKAGE_VERSION_MAJOR 1
#define PACKAGE_VERSION_MINOR 4
#define PACKAGE_VERSION_PATCH 2
#define STDC_HEADERS 1
#define HAVE_SYS_TYPES_H 1
#define HAVE_SYS_STAT_H 1
#define HAVE_STDLIB_H 1
#define HAVE_STRING_H 1
#define HAVE_MEMORY_H 1
#define HAVE_STRINGS_H 1
#define HAVE_INTTYPES_H 1
#define HAVE_STDINT_H 1
#define HAVE_UNISTD_H 1
#define HAVE_DLFCN_H 1
#define LT_OBJDIR ".libs/"
#define HAVE_LIBPTHREAD 1
#define HAVE_LIBSODIUM 1
#define HAVE_LIBZMQ 1
#define CZMQ_HAVE_LINUX 1
#define STDC_HEADERS 1
#define HAVE_ERRNO_H 1
#define HAVE_ARPA_INET_H 1
#define HAVE_NETINET_TCP_H 1
#define HAVE_NETINET_IN_H 1
#define HAVE_STDDEF_H 1
#define HAVE_STDLIB_H 1
#define HAVE_STRING_H 1
#define HAVE_SYS_SOCKET_H 1
#define HAVE_SYS_TIME_H 1
#define HAVE_UNISTD_H 1
#define HAVE_LIMITS_H 1
#define HAVE_NET_IF_H 1
#define HAVE_LINUX_WIRELESS_H 1
#define HAVE__BOOL 1
#define HAVE_STDBOOL_H 1
#define TIME_WITH_SYS_TIME 1
#define RETSIGTYPE void
#define HAVE_PERROR 1
#define HAVE_GETTIMEOFDAY 1
#define HAVE_GETIFADDRS 1
#define HAVE_FREEIFADDRS 1

configure: exit 0
